<?xml version="1.0" encoding="UTF-8"?>
<!-- Generated by org.testng.reporters.JUnitXMLReporter -->
<testsuite ignored="0" hostname="LAPTOP-KSS2SG1G" failures="0" tests="5" name="Default test" time="0.138" errors="0" timestamp="2023-05-15T17:12:34 EDT">
  <testcase classname="atech.ny.hooks.FailedTestCases" name="getTestFive" time="0.019"/>
  <testcase classname="atech.ny.hooks.FailedTestCases" name="getTestFour" time="0.002"/>
  <testcase classname="atech.ny.hooks.FailedTestCases" name="getTestOne" time="0.003"/>
  <testcase classname="atech.ny.hooks.FailedTestCases" name="getTestThree" time="0.002"/>
  <testcase classname="atech.ny.hooks.FailedTestCases" name="getTestTwo" time="0.004"/>
</testsuite> <!-- Default test -->
