<?xml version="1.0" encoding="UTF-8"?>
<testng-results ignored="0" total="1" passed="1" failed="0" skipped="0">
  <reporter-output>
  </reporter-output>
  <suite started-at="2023-05-15T21:53:06 EDT" name="Suite1" finished-at="2023-05-15T21:53:19 EDT" duration-ms="12798">
    <groups>
      <group name="cucumber">
        <method signature="AbstractTestNGCucumberTests.runScenario(io.cucumber.testng.PickleWrapper,io.cucumber.testng.FeatureWrapper)[pri:0, instance:atech.ny.myrunner.TestRunner@70ed52de]" name="runScenario" class="io.cucumber.testng.AbstractTestNGCucumberTests"/>
      </group> <!-- cucumber -->
    </groups>
    <test started-at="2023-05-15T21:53:06 EDT" name="Sanety" finished-at="2023-05-15T21:53:19 EDT" duration-ms="12798">
      <class name="atech.ny.myrunner.TestRunner">
        <test-method is-config="true" signature="setUpClass()[pri:0, instance:atech.ny.myrunner.TestRunner@70ed52de]" started-at="2023-05-15T21:53:06 EDT" name="setUpClass" finished-at="2023-05-15T21:53:07 EDT" duration-ms="624" status="PASS">
          <reporter-output>
          </reporter-output>
        </test-method> <!-- setUpClass -->
        <test-method signature="runScenario(io.cucumber.testng.PickleWrapper,io.cucumber.testng.FeatureWrapper)[pri:0, instance:atech.ny.myrunner.TestRunner@70ed52de]" started-at="2023-05-15T21:53:07 EDT" name="runScenario" description="Runs Cucumber Scenarios" data-provider="scenarios" finished-at="2023-05-15T21:53:19 EDT" duration-ms="11958" status="PASS">
          <params>
            <param index="0">
              <value>
                <![CDATA["User Able To Login, Purchase And Download Invoice."]]>
              </value>
            </param>
            <param index="1">
              <value>
                <![CDATA["Optional[Valid Users Able To Download Invoice after purchase the order.]"]]>
              </value>
            </param>
          </params>
          <reporter-output>
          </reporter-output>
        </test-method> <!-- runScenario -->
        <test-method is-config="true" signature="tearDownClass()[pri:0, instance:atech.ny.myrunner.TestRunner@70ed52de]" started-at="2023-05-15T21:53:19 EDT" name="tearDownClass" finished-at="2023-05-15T21:53:19 EDT" duration-ms="137" status="PASS">
          <reporter-output>
          </reporter-output>
        </test-method> <!-- tearDownClass -->
      </class> <!-- atech.ny.myrunner.TestRunner -->
    </test> <!-- Sanety -->
  </suite> <!-- Suite1 -->
</testng-results>
